<?xml version="1.0" encoding="UTF-8"?>
<!-- Generated by org.testng.reporters.JUnitXMLReporter -->
<testsuite ignored="1" hostname="LIN25008829" failures="1" tests="2" name="Test" time="29.999" errors="0" timestamp="2025-02-25T20:31:28 IST">
  <testcase classname="testcases.TC001_AccountRegistractionTest" name="AccountRegistration" time="2.449">
    <failure type="java.lang.AssertionError" message="null">
      <![CDATA[java.lang.AssertionError: null
at testcases.TC001_AccountRegistractionTest.AccountRegistration(TC001_AccountRegistractionTest.java:59)
at java.base/java.util.ArrayList.forEach(ArrayList.java:1596)
... Removed 27 stack frames]]>
    </failure>
  </testcase> <!-- AccountRegistration -->
  <testcase classname="testcases.TC002_LoginTest" name="LoginTest" time="7.74"/>
  <testcase classname="testcases.TC003_LoginDDT" name="verify_loginDDT" time="0.0">
    <ignored/>
  </testcase> <!-- verify_loginDDT -->
</testsuite> <!-- Test -->
